# JRE version: Java(TM) SE Runtime Environment (8.0_131-b11) (build 1.8.0_131-b11)
# Java VM: Java HotSpot(TM) 64-Bit Server VM (25.131-b11 mixed mode windows-amd64 compressed oops)
Heap:
 PSYoungGen      total 480256K, used 139867K [0x00000000d7000000, 0x00000000fef80000, 0x0000000100000000)
  eden space 430592K, 32% used [0x00000000d7000000,0x00000000df896c18,0x00000000f1480000)
  from space 49664K, 0% used [0x00000000f1480000,0x00000000f1480000,0x00000000f4500000)
  to   space 50176K, 0% used [0x00000000fbe80000,0x00000000fbe80000,0x00000000fef80000)
 ParOldGen       total 112640K, used 51708K [0x0000000085000000, 0x000000008be00000, 0x00000000d7000000)
  object space 112640K, 45% used [0x0000000085000000,0x000000008827f2f0,0x000000008be00000)
 Metaspace       used 66107K, capacity 70280K, committed 70528K, reserved 1110016K
  class space    used 9100K, capacity 9772K, committed 9856K, reserved 1048576K
GC Heap History (10 events):
Event: 232.884 GC heap before
{Heap before GC invocations=31 (full 3):
 PSYoungGen      total 315392K, used 267187K [0x00000000d7000000, 0x00000000f1b80000, 0x0000000100000000)
  eden space 265728K, 100% used [0x00000000d7000000,0x00000000e7380000,0x00000000e7380000)
  from space 49664K, 2% used [0x00000000e7380000,0x00000000e74ecd10,0x00000000ea400000)
  to   space 49152K, 0% used [0x00000000eeb80000,0x00000000eeb80000,0x00000000f1b80000)
 ParOldGen       total 110080K, used 60868K [0x0000000085000000, 0x000000008bb80000, 0x00000000d7000000)
  object space 110080K, 55% used [0x0000000085000000,0x0000000088b71158,0x000000008bb80000)
 Metaspace       used 39203K, capacity 41536K, committed 41600K, reserved 1085440K
  class space    used 5046K, capacity 5490K, committed 5504K, reserved 1048576K
Event: 234.673 GC heap after
Heap after GC invocations=31 (full 3):
 PSYoungGen      total 387584K, used 6005K [0x00000000d7000000, 0x00000000f1900000, 0x0000000100000000)
  eden space 340992K, 0% used [0x00000000d7000000,0x00000000d7000000,0x00000000ebd00000)
  from space 46592K, 12% used [0x00000000eeb80000,0x00000000ef15d510,0x00000000f1900000)
  to   space 47104K, 0% used [0x00000000ebd00000,0x00000000ebd00000,0x00000000eeb00000)
 ParOldGen       total 110080K, used 60900K [0x0000000085000000, 0x000000008bb80000, 0x00000000d7000000)
  object space 110080K, 55% used [0x0000000085000000,0x0000000088b79158,0x000000008bb80000)
 Metaspace       used 39203K, capacity 41536K, committed 41600K, reserved 1085440K
  class space    used 5046K, capacity 5490K, committed 5504K, reserved 1048576K
}
Event: 289.006 GC heap before
{Heap before GC invocations=32 (full 3):
 PSYoungGen      total 387584K, used 346997K [0x00000000d7000000, 0x00000000f1900000, 0x0000000100000000)
  eden space 340992K, 100% used [0x00000000d7000000,0x00000000ebd00000,0x00000000ebd00000)
  from space 46592K, 12% used [0x00000000eeb80000,0x00000000ef15d510,0x00000000f1900000)
  to   space 47104K, 0% used [0x00000000ebd00000,0x00000000ebd00000,0x00000000eeb00000)
 ParOldGen       total 110080K, used 60900K [0x0000000085000000, 0x000000008bb80000, 0x00000000d7000000)
  object space 110080K, 55% used [0x0000000085000000,0x0000000088b79158,0x000000008bb80000)
 Metaspace       used 39462K, capacity 41792K, committed 41984K, reserved 1085440K
  class space    used 5114K, capacity 5554K, committed 5632K, reserved 1048576K
Event: 289.044 GC heap after
Heap after GC invocations=32 (full 3):
 PSYoungGen      total 388096K, used 13631K [0x00000000d7000000, 0x00000000f7080000, 0x0000000100000000)
  eden space 340992K, 0% used [0x00000000d7000000,0x00000000d7000000,0x00000000ebd00000)
  from space 47104K, 28% used [0x00000000ebd00000,0x00000000eca4fc30,0x00000000eeb00000)
  to   space 44544K, 0% used [0x00000000f4500000,0x00000000f4500000,0x00000000f7080000)
 ParOldGen       total 110080K, used 60965K [0x0000000085000000, 0x000000008bb80000, 0x00000000d7000000)
  object space 110080K, 55% used [0x0000000085000000,0x0000000088b896a8,0x000000008bb80000)
 Metaspace       used 39462K, capacity 41792K, committed 41984K, reserved 1085440K
  class space    used 5114K, capacity 5554K, committed 5632K, reserved 1048576K
}
Event: 389.906 GC heap before
{Heap before GC invocations=33 (full 3):
 PSYoungGen      total 388096K, used 354623K [0x00000000d7000000, 0x00000000f7080000, 0x0000000100000000)
  eden space 340992K, 100% used [0x00000000d7000000,0x00000000ebd00000,0x00000000ebd00000)
  from space 47104K, 28% used [0x00000000ebd00000,0x00000000eca4fc30,0x00000000eeb00000)
  to   space 44544K, 0% used [0x00000000f4500000,0x00000000f4500000,0x00000000f7080000)
 ParOldGen       total 110080K, used 60965K [0x0000000085000000, 0x000000008bb80000, 0x00000000d7000000)
  object space 110080K, 55% used [0x0000000085000000,0x0000000088b896a8,0x000000008bb80000)
 Metaspace       used 43917K, capacity 46572K, committed 46720K, reserved 1089536K
  class space    used 5722K, capacity 6190K, committed 6272K, reserved 1048576K
Event: 419.611 GC heap after
Heap after GC invocations=33 (full 3):
 PSYoungGen      total 475136K, used 37036K [0x00000000d7000000, 0x00000000f7e00000, 0x0000000100000000)
  eden space 430592K, 0% used [0x00000000d7000000,0x00000000d7000000,0x00000000f1480000)
  from space 44544K, 83% used [0x00000000f4500000,0x00000000f692b2a0,0x00000000f7080000)
  to   space 49664K, 0% used [0x00000000f1480000,0x00000000f1480000,0x00000000f4500000)
 ParOldGen       total 110080K, used 61132K [0x0000000085000000, 0x000000008bb80000, 0x00000000d7000000)
  object space 110080K, 55% used [0x0000000085000000,0x0000000088bb3258,0x000000008bb80000)
 Metaspace       used 43917K, capacity 46572K, committed 46720K, reserved 1089536K
  class space    used 5722K, capacity 6190K, committed 6272K, reserved 1048576K
}
Event: 714.054 GC heap before
{Heap before GC invocations=34 (full 3):
 PSYoungGen      total 475136K, used 418762K [0x00000000d7000000, 0x00000000f7e00000, 0x0000000100000000)
  eden space 430592K, 88% used [0x00000000d7000000,0x00000000ee4c7890,0x00000000f1480000)
  from space 44544K, 83% used [0x00000000f4500000,0x00000000f692b2a0,0x00000000f7080000)
  to   space 49664K, 0% used [0x00000000f1480000,0x00000000f1480000,0x00000000f4500000)
 ParOldGen       total 110080K, used 61132K [0x0000000085000000, 0x000000008bb80000, 0x00000000d7000000)
  object space 110080K, 55% used [0x0000000085000000,0x0000000088bb3258,0x000000008bb80000)
 Metaspace       used 64892K, capacity 68834K, committed 68908K, reserved 1107968K
  class space    used 8897K, capacity 9549K, committed 9600K, reserved 1048576K
Event: 726.653 GC heap after
Heap after GC invocations=34 (full 3):
 PSYoungGen      total 480256K, used 27058K [0x00000000d7000000, 0x00000000fef80000, 0x0000000100000000)
  eden space 430592K, 0% used [0x00000000d7000000,0x00000000d7000000,0x00000000f1480000)
  from space 49664K, 54% used [0x00000000f1480000,0x00000000f2eec810,0x00000000f4500000)
  to   space 50176K, 0% used [0x00000000fbe80000,0x00000000fbe80000,0x00000000fef80000)
 ParOldGen       total 110080K, used 64110K [0x0000000085000000, 0x000000008bb80000, 0x00000000d7000000)
  object space 110080K, 58% used [0x0000000085000000,0x0000000088e9b990,0x000000008bb80000)
 Metaspace       used 64892K, capacity 68834K, committed 68908K, reserved 1107968K
  class space    used 8897K, capacity 9549K, committed 9600K, reserved 1048576K
}
Event: 726.654 GC heap before
{Heap before GC invocations=35 (full 4):
 PSYoungGen      total 480256K, used 27058K [0x00000000d7000000, 0x00000000fef80000, 0x0000000100000000)
  eden space 430592K, 0% used [0x00000000d7000000,0x00000000d7000000,0x00000000f1480000)
  from space 49664K, 54% used [0x00000000f1480000,0x00000000f2eec810,0x00000000f4500000)
  to   space 50176K, 0% used [0x00000000fbe80000,0x00000000fbe80000,0x00000000fef80000)
 ParOldGen       total 110080K, used 64110K [0x0000000085000000, 0x000000008bb80000, 0x00000000d7000000)
  object space 110080K, 58% used [0x0000000085000000,0x0000000088e9b990,0x000000008bb80000)
 Metaspace       used 64892K, capacity 68834K, committed 68908K, reserved 1107968K
  class space    used 8897K, capacity 9549K, committed 9600K, reserved 1048576K
Event: 757.444 GC heap after
Heap after GC invocations=35 (full 4):
 PSYoungGen      total 480256K, used 0K [0x00000000d7000000, 0x00000000fef80000, 0x0000000100000000)
  eden space 430592K, 0% used [0x00000000d7000000,0x00000000d7000000,0x00000000f1480000)
  from space 49664K, 0% used [0x00000000f1480000,0x00000000f1480000,0x00000000f4500000)
  to   space 50176K, 0% used [0x00000000fbe80000,0x00000000fbe80000,0x00000000fef80000)
 ParOldGen       total 112640K, used 51708K [0x0000000085000000, 0x000000008be00000, 0x00000000d7000000)
  object space 112640K, 45% used [0x0000000085000000,0x000000008827f2f0,0x000000008be00000)
 Metaspace       used 64892K, capacity 68834K, committed 68908K, reserved 1107968K
  class space    used 8897K, capacity 9549K, committed 9600K, reserved 1048576K
}

